# JRE version: Java(TM) SE Runtime Environment (17.0.12+8) (build 17.0.12+8-LTS-286)
# Java VM: Java HotSpot(TM) 64-Bit Server VM (17.0.12+8-LTS-286, mixed mode, emulated-client, sharing, tiered, compressed oops, compressed class ptrs, g1 gc, windows-amd64)
GC Precious Log:
 CPUs: 16 total, 16 available
 Memory: 24361M
 Large Page Support: Disabled
 NUMA Support: Disabled
 Compressed Oops: Enabled (Zero based)
 Heap Region Size: 4M
 Heap Min Capacity: 8M
 Heap Initial Capacity: 384M
 Heap Max Capacity: 6092M
 Pre-touch: Disabled
 Parallel Workers: 13
 Concurrent Workers: 3
 Concurrent Refinement Workers: 13
 Periodic GC: Disabled
Heap:
 garbage-first heap   total 163840K, used 123685K [0x0000000683400000, 0x0000000800000000)
  region size 4096K, 14 young (57344K), 1 survivors (4096K)
 Metaspace       used 85952K, committed 86784K, reserved 1179648K
  class space    used 12820K, committed 13248K, reserved 1048576K
GC Heap History (20 events):
Event: 3585.387 GC heap after
{Heap after GC invocations=47 (full 0):
 garbage-first heap   total 163840K, used 73584K [0x0000000683400000, 0x0000000800000000)
  region size 4096K, 1 young (4096K), 1 survivors (4096K)
 Metaspace       used 85786K, committed 86592K, reserved 1179648K
  class space    used 12782K, committed 13184K, reserved 1048576K
}
Event: 3881.817 GC heap before
{Heap before GC invocations=47 (full 0):
 garbage-first heap   total 163840K, used 139120K [0x0000000683400000, 0x0000000800000000)
  region size 4096K, 17 young (69632K), 1 survivors (4096K)
 Metaspace       used 85786K, committed 86592K, reserved 1179648K
  class space    used 12782K, committed 13184K, reserved 1048576K
}
Event: 3881.818 GC heap after
{Heap after GC invocations=48 (full 0):
 garbage-first heap   total 163840K, used 73533K [0x0000000683400000, 0x0000000800000000)
  region size 4096K, 1 young (4096K), 1 survivors (4096K)
 Metaspace       used 85786K, committed 86592K, reserved 1179648K
  class space    used 12782K, committed 13184K, reserved 1048576K
}
Event: 4178.606 GC heap before
{Heap before GC invocations=48 (full 0):
 garbage-first heap   total 163840K, used 139069K [0x0000000683400000, 0x0000000800000000)
  region size 4096K, 17 young (69632K), 1 survivors (4096K)
 Metaspace       used 85786K, committed 86592K, reserved 1179648K
  class space    used 12782K, committed 13184K, reserved 1048576K
}
Event: 4178.607 GC heap after
{Heap after GC invocations=49 (full 0):
 garbage-first heap   total 163840K, used 73539K [0x0000000683400000, 0x0000000800000000)
  region size 4096K, 1 young (4096K), 1 survivors (4096K)
 Metaspace       used 85786K, committed 86592K, reserved 1179648K
  class space    used 12782K, committed 13184K, reserved 1048576K
}
Event: 4473.697 GC heap before
{Heap before GC invocations=49 (full 0):
 garbage-first heap   total 163840K, used 139075K [0x0000000683400000, 0x0000000800000000)
  region size 4096K, 17 young (69632K), 1 survivors (4096K)
 Metaspace       used 85786K, committed 86592K, reserved 1179648K
  class space    used 12782K, committed 13184K, reserved 1048576K
}
Event: 4473.698 GC heap after
{Heap after GC invocations=50 (full 0):
 garbage-first heap   total 163840K, used 73551K [0x0000000683400000, 0x0000000800000000)
  region size 4096K, 1 young (4096K), 1 survivors (4096K)
 Metaspace       used 85786K, committed 86592K, reserved 1179648K
  class space    used 12782K, committed 13184K, reserved 1048576K
}
Event: 4766.065 GC heap before
{Heap before GC invocations=50 (full 0):
 garbage-first heap   total 163840K, used 139087K [0x0000000683400000, 0x0000000800000000)
  region size 4096K, 17 young (69632K), 1 survivors (4096K)
 Metaspace       used 85786K, committed 86592K, reserved 1179648K
  class space    used 12782K, committed 13184K, reserved 1048576K
}
Event: 4766.067 GC heap after
{Heap after GC invocations=51 (full 0):
 garbage-first heap   total 163840K, used 73601K [0x0000000683400000, 0x0000000800000000)
  region size 4096K, 1 young (4096K), 1 survivors (4096K)
 Metaspace       used 85786K, committed 86592K, reserved 1179648K
  class space    used 12782K, committed 13184K, reserved 1048576K
}
Event: 5059.282 GC heap before
{Heap before GC invocations=51 (full 0):
 garbage-first heap   total 163840K, used 139137K [0x0000000683400000, 0x0000000800000000)
  region size 4096K, 17 young (69632K), 1 survivors (4096K)
 Metaspace       used 85786K, committed 86592K, reserved 1179648K
  class space    used 12782K, committed 13184K, reserved 1048576K
}
Event: 5059.284 GC heap after
{Heap after GC invocations=52 (full 0):
 garbage-first heap   total 163840K, used 73565K [0x0000000683400000, 0x0000000800000000)
  region size 4096K, 1 young (4096K), 1 survivors (4096K)
 Metaspace       used 85786K, committed 86592K, reserved 1179648K
  class space    used 12782K, committed 13184K, reserved 1048576K
}
Event: 5256.667 GC heap before
{Heap before GC invocations=52 (full 0):
 garbage-first heap   total 163840K, used 139101K [0x0000000683400000, 0x0000000800000000)
  region size 4096K, 17 young (69632K), 1 survivors (4096K)
 Metaspace       used 85832K, committed 86720K, reserved 1179648K
  class space    used 12794K, committed 13248K, reserved 1048576K
}
Event: 5256.668 GC heap after
{Heap after GC invocations=53 (full 0):
 garbage-first heap   total 163840K, used 73769K [0x0000000683400000, 0x0000000800000000)
  region size 4096K, 1 young (4096K), 1 survivors (4096K)
 Metaspace       used 85832K, committed 86720K, reserved 1179648K
  class space    used 12794K, committed 13248K, reserved 1048576K
}
Event: 5493.283 GC heap before
{Heap before GC invocations=53 (full 0):
 garbage-first heap   total 163840K, used 139305K [0x0000000683400000, 0x0000000800000000)
  region size 4096K, 17 young (69632K), 1 survivors (4096K)
 Metaspace       used 85835K, committed 86720K, reserved 1179648K
  class space    used 12795K, committed 13248K, reserved 1048576K
}
Event: 5493.285 GC heap after
{Heap after GC invocations=54 (full 0):
 garbage-first heap   total 163840K, used 73585K [0x0000000683400000, 0x0000000800000000)
  region size 4096K, 1 young (4096K), 1 survivors (4096K)
 Metaspace       used 85835K, committed 86720K, reserved 1179648K
  class space    used 12795K, committed 13248K, reserved 1048576K
}
Event: 5787.936 GC heap before
{Heap before GC invocations=54 (full 0):
 garbage-first heap   total 163840K, used 139121K [0x0000000683400000, 0x0000000800000000)
  region size 4096K, 17 young (69632K), 1 survivors (4096K)
 Metaspace       used 85835K, committed 86720K, reserved 1179648K
  class space    used 12795K, committed 13248K, reserved 1048576K
}
Event: 5787.938 GC heap after
{Heap after GC invocations=55 (full 0):
 garbage-first heap   total 163840K, used 73625K [0x0000000683400000, 0x0000000800000000)
  region size 4096K, 1 young (4096K), 1 survivors (4096K)
 Metaspace       used 85835K, committed 86720K, reserved 1179648K
  class space    used 12795K, committed 13248K, reserved 1048576K
}
Event: 6089.451 GC heap before
{Heap before GC invocations=55 (full 0):
 garbage-first heap   total 163840K, used 139161K [0x0000000683400000, 0x0000000800000000)
  region size 4096K, 17 young (69632K), 1 survivors (4096K)
 Metaspace       used 85835K, committed 86720K, reserved 1179648K
  class space    used 12795K, committed 13248K, reserved 1048576K
}
Event: 6089.453 GC heap after
{Heap after GC invocations=56 (full 0):
 garbage-first heap   total 163840K, used 73683K [0x0000000683400000, 0x0000000800000000)
  region size 4096K, 1 young (4096K), 1 survivors (4096K)
 Metaspace       used 85835K, committed 86720K, reserved 1179648K
  class space    used 12795K, committed 13248K, reserved 1048576K
}
Event: 6315.307 GC heap before
{Heap before GC invocations=56 (full 0):
 garbage-first heap   total 163840K, used 122835K [0x0000000683400000, 0x0000000800000000)
  region size 4096K, 14 young (57344K), 1 survivors (4096K)
 Metaspace       used 85952K, committed 86784K, reserved 1179648K
  class space    used 12820K, committed 13248K, reserved 1048576K
}

